Min ts 2004-04-15 13:56:01, max ts 2004-10-26 06:52:22
Total time span: 193 days
Start date: 2004-04-15 13:56:01
# slice1 Start Time: 2004-04-28 14:55:59
# slice2 Start Time: 2004-05-11 13:56:47
# slice3 Start Time: 2004-05-24 14:07:05
# slice4 Start Time: 2004-06-06 14:14:28
# slice5 Start Time: 2004-06-19 16:15:43
# slice6 Start Time: 2004-07-02 14:40:25
# slice7 Start Time: 2004-07-15 15:13:13
# slice8 Start Time: 2004-07-28 14:07:19
# slice9 Start Time: 2004-08-10 14:12:07
# slice10 Start Time: 2004-08-23 14:38:15
# slice11 Start Time: 2004-09-05 15:25:23
# slice12 Start Time: 2004-09-18 14:15:05
# slice13 Start Time: 2004-10-01 15:13:44
# slice14 Start Time: 2004-10-14 15:28:42
# nodes in slice0 count: 383
# edges in slice0 count: 2855
Shape of temp matrix (1899, 1899)
# nodes in slice1 count: 990
# edges in slice1 count: 15649
Shape of temp matrix (1899, 1899)
# nodes in slice2 count: 1347
# edges in slice2 count: 15203
Shape of temp matrix (1899, 1899)
# nodes in slice3 count: 1627
# edges in slice3 count: 11633
Shape of temp matrix (1899, 1899)
# nodes in slice4 count: 1710
# edges in slice4 count: 4370
Shape of temp matrix (1899, 1899)
# nodes in slice5 count: 1733
# edges in slice5 count: 1159
Shape of temp matrix (1899, 1899)
# nodes in slice6 count: 1753
# edges in slice6 count: 1969
Shape of temp matrix (1899, 1899)
# nodes in slice7 count: 1773
# edges in slice7 count: 1057
Shape of temp matrix (1899, 1899)
# nodes in slice8 count: 1790
# edges in slice8 count: 1040
Shape of temp matrix (1899, 1899)
# nodes in slice9 count: 1806
# edges in slice9 count: 1145
Shape of temp matrix (1899, 1899)
# nodes in slice10 count: 1832
# edges in slice10 count: 1073
Shape of temp matrix (1899, 1899)
# nodes in slice11 count: 1842
# edges in slice11 count: 999
Shape of temp matrix (1899, 1899)
# nodes in slice12 count: 1875
# edges in slice12 count: 880
Shape of temp matrix (1899, 1899)
# nodes in slice13 count: 1893
# edges in slice13 count: 526
Shape of temp matrix (1899, 1899)
# nodes in slice14 count: 1899
# edges in slice14 count: 277
Shape of temp matrix (1899, 1899)
Total # nodes 1899, max idx: max(all_nodes)
